=============================================
[INFO] Job Information
---------------------------------------------
[INFO] Job Name       : rg_with_rosetta
[INFO] Job ID         : 200455
[INFO] Submit Dir     : /home/cseomoon/appl/af_analysis-0.1.4/model/regression/scripts
[INFO] Partition      : rome_short
[INFO] Node List      : cpu6
[INFO] Nodes          : 1
[INFO] CPUs per Task  : 48
[INFO] Memory (MB)    : 
[INFO] User           : cseomoon
[INFO] Work Dir       : /home/cseomoon/appl/af_analysis-0.1.4/model/regression/scripts
[INFO] Tasks per Node : 1
[INFO] Dependency     : 
[INFO] GPU(s)         : 
=============================================

[INFO] Job started at : Thu May 22 00:52:38 KST 2025
[INFO] Job allocated on node(s): cpu6
[INFO] Job running on: cpu6
[INFO] Saving results to /home/cseomoon/appl/af_analysis-0.1.4/model/regression/results/rg_rosetta_20250522_005238
Initialized Random Forest (rf) with params: {'bootstrap': True, 'ccp_alpha': 0.0, 'criterion': 'squared_error', 'max_depth': None, 'max_features': 1.0, 'max_leaf_nodes': None, 'max_samples': None, 'min_impurity_decrease': 0.0, 'min_samples_leaf': 1, 'min_samples_split': 2, 'min_weight_fraction_leaf': 0.0, 'monotonic_cst': None, 'n_estimators': 100, 'n_jobs': -1, 'oob_score': False, 'random_state': 42, 'verbose': 0, 'warm_start': False}
Initialized LightGBM (lgbm) with params: {'boosting_type': 'gbdt', 'class_weight': None, 'colsample_bytree': 0.8, 'importance_type': 'split', 'learning_rate': 0.1, 'max_depth': -1, 'min_child_samples': 20, 'min_child_weight': 0.001, 'min_split_gain': 0.0, 'n_estimators': 100, 'n_jobs': -1, 'num_leaves': 31, 'objective': 'regression_l1', 'random_state': 42, 'reg_alpha': 0.0, 'reg_lambda': 0.0, 'subsample': 0.8, 'subsample_for_bin': 200000, 'subsample_freq': 0, 'metric': 'mae', 'verbose': -1}
Initialized XGBoost (xgb) with params: {'objective': 'reg:squarederror', 'base_score': None, 'booster': None, 'callbacks': None, 'colsample_bylevel': None, 'colsample_bynode': None, 'colsample_bytree': 0.8, 'device': None, 'early_stopping_rounds': None, 'enable_categorical': False, 'eval_metric': 'rmse', 'feature_types': None, 'feature_weights': None, 'gamma': 0, 'grow_policy': None, 'importance_type': None, 'interaction_constraints': None, 'learning_rate': 0.1, 'max_bin': None, 'max_cat_threshold': None, 'max_cat_to_onehot': None, 'max_delta_step': None, 'max_depth': 3, 'max_leaves': None, 'min_child_weight': None, 'missing': nan, 'monotone_constraints': None, 'multi_strategy': None, 'n_estimators': 100, 'n_jobs': -1, 'num_parallel_tree': None, 'random_state': 42, 'reg_alpha': 0, 'reg_lambda': 1, 'sampling_method': None, 'scale_pos_weight': None, 'subsample': 0.8, 'tree_method': 'hist', 'validate_parameters': None, 'verbosity': None}
Results saved to /home/cseomoon/appl/af_analysis-0.1.4/model/regression/results/rg_rosetta_20250522_005238/run_arguments.json
Original data shape: (3650, 87)
Using 'DockQ' as the continuous target variable.
Identified 69 potential feature columns.
Checking for NaN values in potential feature columns...
Dropped 3 rows containing NaN values in one or more feature columns.
Generated 10 stratification bins from target for regression.
Processed Features (X) shape after NaN drop: (3647, 69)
Processed Target (y) shape after NaN drop: (3647,)
Processed Query IDs shape after NaN drop: (3647,)
Initialized Random Forest (rf) with params: {'bootstrap': True, 'ccp_alpha': 0.0, 'criterion': 'squared_error', 'max_depth': None, 'max_features': 1.0, 'max_leaf_nodes': None, 'max_samples': None, 'min_impurity_decrease': 0.0, 'min_samples_leaf': 1, 'min_samples_split': 2, 'min_weight_fraction_leaf': 0.0, 'monotonic_cst': None, 'n_estimators': 100, 'n_jobs': -1, 'oob_score': False, 'random_state': 42, 'verbose': 0, 'warm_start': False}
Initialized LightGBM (lgbm) with params: {'boosting_type': 'gbdt', 'class_weight': None, 'colsample_bytree': 0.8, 'importance_type': 'split', 'learning_rate': 0.1, 'max_depth': -1, 'min_child_samples': 20, 'min_child_weight': 0.001, 'min_split_gain': 0.0, 'n_estimators': 100, 'n_jobs': -1, 'num_leaves': 31, 'objective': 'regression_l1', 'random_state': 42, 'reg_alpha': 0.0, 'reg_lambda': 0.0, 'subsample': 0.8, 'subsample_for_bin': 200000, 'subsample_freq': 0, 'metric': 'mae', 'verbose': -1}
Initialized XGBoost (xgb) with params: {'objective': 'reg:squarederror', 'base_score': None, 'booster': None, 'callbacks': None, 'colsample_bylevel': None, 'colsample_bynode': None, 'colsample_bytree': 0.8, 'device': None, 'early_stopping_rounds': None, 'enable_categorical': False, 'eval_metric': 'rmse', 'feature_types': None, 'feature_weights': None, 'gamma': 0, 'grow_policy': None, 'importance_type': None, 'interaction_constraints': None, 'learning_rate': 0.1, 'max_bin': None, 'max_cat_threshold': None, 'max_cat_to_onehot': None, 'max_delta_step': None, 'max_depth': 3, 'max_leaves': None, 'min_child_weight': None, 'missing': nan, 'monotone_constraints': None, 'multi_strategy': None, 'n_estimators': 100, 'n_jobs': -1, 'num_parallel_tree': None, 'random_state': 42, 'reg_alpha': 0, 'reg_lambda': 1, 'sampling_method': None, 'scale_pos_weight': None, 'subsample': 0.8, 'tree_method': 'hist', 'validate_parameters': None, 'verbosity': None}
Fitting 3 folds for each of 50 candidates, totalling 150 fits
Results saved to /home/cseomoon/appl/af_analysis-0.1.4/model/regression/results/rg_rosetta_20250522_005238/rf/fold_1/best_params.json
Calculated Metrics: R2=0.5848, RMSE=0.2047, MAE=0.1217
Results saved to /home/cseomoon/appl/af_analysis-0.1.4/model/regression/results/rg_rosetta_20250522_005238/rf/fold_1/metrics.json
Predictions saved to /home/cseomoon/appl/af_analysis-0.1.4/model/regression/results/rg_rosetta_20250522_005238/rf/fold_1/predictions.csv (shape: (749, 2))
Calculating SHAP values for Random Forest using SHAP Explainer...
SHAP calculation took 92.38 seconds.
--- Saving SHAP results for Fold 1 ---
SHAP values saved to: /home/cseomoon/appl/af_analysis-0.1.4/model/regression/results/rg_rosetta_20250522_005238/rf/fold_1/shap_values_fold_1.npy
X_explain saved to (CSV): /home/cseomoon/appl/af_analysis-0.1.4/model/regression/results/rg_rosetta_20250522_005238/rf/fold_1/X_explain_fold_1.csv
SHAP expected value saved to: /home/cseomoon/appl/af_analysis-0.1.4/model/regression/results/rg_rosetta_20250522_005238/rf/fold_1/shap_expected_value_fold_1.joblib
SHAP dot plot saved to: /home/cseomoon/appl/af_analysis-0.1.4/model/regression/results/rg_rosetta_20250522_005238/rf/fold_1/shap_summary_dot_fold_1.png
SHAP bar plot saved to: /home/cseomoon/appl/af_analysis-0.1.4/model/regression/results/rg_rosetta_20250522_005238/rf/fold_1/shap_summary_bar_fold_1.png
--- SHAP saving completed for Fold 1 ---
Fitting 3 folds for each of 50 candidates, totalling 150 fits
Results saved to /home/cseomoon/appl/af_analysis-0.1.4/model/regression/results/rg_rosetta_20250522_005238/rf/fold_2/best_params.json
Calculated Metrics: R2=0.8414, RMSE=0.1358, MAE=0.0914
Results saved to /home/cseomoon/appl/af_analysis-0.1.4/model/regression/results/rg_rosetta_20250522_005238/rf/fold_2/metrics.json
Predictions saved to /home/cseomoon/appl/af_analysis-0.1.4/model/regression/results/rg_rosetta_20250522_005238/rf/fold_2/predictions.csv (shape: (749, 2))
Calculating SHAP values for Random Forest using SHAP Explainer...
SHAP calculation took 5.61 seconds.
--- Saving SHAP results for Fold 2 ---
SHAP values saved to: /home/cseomoon/appl/af_analysis-0.1.4/model/regression/results/rg_rosetta_20250522_005238/rf/fold_2/shap_values_fold_2.npy
X_explain saved to (CSV): /home/cseomoon/appl/af_analysis-0.1.4/model/regression/results/rg_rosetta_20250522_005238/rf/fold_2/X_explain_fold_2.csv
SHAP expected value saved to: /home/cseomoon/appl/af_analysis-0.1.4/model/regression/results/rg_rosetta_20250522_005238/rf/fold_2/shap_expected_value_fold_2.joblib
SHAP dot plot saved to: /home/cseomoon/appl/af_analysis-0.1.4/model/regression/results/rg_rosetta_20250522_005238/rf/fold_2/shap_summary_dot_fold_2.png
SHAP bar plot saved to: /home/cseomoon/appl/af_analysis-0.1.4/model/regression/results/rg_rosetta_20250522_005238/rf/fold_2/shap_summary_bar_fold_2.png
--- SHAP saving completed for Fold 2 ---
Fitting 3 folds for each of 50 candidates, totalling 150 fits
Results saved to /home/cseomoon/appl/af_analysis-0.1.4/model/regression/results/rg_rosetta_20250522_005238/rf/fold_3/best_params.json
Calculated Metrics: R2=0.7137, RMSE=0.1360, MAE=0.0917
Results saved to /home/cseomoon/appl/af_analysis-0.1.4/model/regression/results/rg_rosetta_20250522_005238/rf/fold_3/metrics.json
Predictions saved to /home/cseomoon/appl/af_analysis-0.1.4/model/regression/results/rg_rosetta_20250522_005238/rf/fold_3/predictions.csv (shape: (749, 2))
Calculating SHAP values for Random Forest using SHAP Explainer...
SHAP calculation took 4.94 seconds.
--- Saving SHAP results for Fold 3 ---
SHAP values saved to: /home/cseomoon/appl/af_analysis-0.1.4/model/regression/results/rg_rosetta_20250522_005238/rf/fold_3/shap_values_fold_3.npy
X_explain saved to (CSV): /home/cseomoon/appl/af_analysis-0.1.4/model/regression/results/rg_rosetta_20250522_005238/rf/fold_3/X_explain_fold_3.csv
SHAP expected value saved to: /home/cseomoon/appl/af_analysis-0.1.4/model/regression/results/rg_rosetta_20250522_005238/rf/fold_3/shap_expected_value_fold_3.joblib
SHAP dot plot saved to: /home/cseomoon/appl/af_analysis-0.1.4/model/regression/results/rg_rosetta_20250522_005238/rf/fold_3/shap_summary_dot_fold_3.png
SHAP bar plot saved to: /home/cseomoon/appl/af_analysis-0.1.4/model/regression/results/rg_rosetta_20250522_005238/rf/fold_3/shap_summary_bar_fold_3.png
--- SHAP saving completed for Fold 3 ---
Fitting 3 folds for each of 50 candidates, totalling 150 fits
Results saved to /home/cseomoon/appl/af_analysis-0.1.4/model/regression/results/rg_rosetta_20250522_005238/rf/fold_4/best_params.json
Calculated Metrics: R2=0.3269, RMSE=0.1982, MAE=0.1127
Results saved to /home/cseomoon/appl/af_analysis-0.1.4/model/regression/results/rg_rosetta_20250522_005238/rf/fold_4/metrics.json
Predictions saved to /home/cseomoon/appl/af_analysis-0.1.4/model/regression/results/rg_rosetta_20250522_005238/rf/fold_4/predictions.csv (shape: (700, 2))
Calculating SHAP values for Random Forest using SHAP Explainer...
SHAP calculation took 11.45 seconds.
--- Saving SHAP results for Fold 4 ---
SHAP values saved to: /home/cseomoon/appl/af_analysis-0.1.4/model/regression/results/rg_rosetta_20250522_005238/rf/fold_4/shap_values_fold_4.npy
X_explain saved to (CSV): /home/cseomoon/appl/af_analysis-0.1.4/model/regression/results/rg_rosetta_20250522_005238/rf/fold_4/X_explain_fold_4.csv
SHAP expected value saved to: /home/cseomoon/appl/af_analysis-0.1.4/model/regression/results/rg_rosetta_20250522_005238/rf/fold_4/shap_expected_value_fold_4.joblib
SHAP dot plot saved to: /home/cseomoon/appl/af_analysis-0.1.4/model/regression/results/rg_rosetta_20250522_005238/rf/fold_4/shap_summary_dot_fold_4.png
SHAP bar plot saved to: /home/cseomoon/appl/af_analysis-0.1.4/model/regression/results/rg_rosetta_20250522_005238/rf/fold_4/shap_summary_bar_fold_4.png
--- SHAP saving completed for Fold 4 ---
Fitting 3 folds for each of 50 candidates, totalling 150 fits
Results saved to /home/cseomoon/appl/af_analysis-0.1.4/model/regression/results/rg_rosetta_20250522_005238/rf/fold_5/best_params.json
Calculated Metrics: R2=0.8382, RMSE=0.1317, MAE=0.0777
Results saved to /home/cseomoon/appl/af_analysis-0.1.4/model/regression/results/rg_rosetta_20250522_005238/rf/fold_5/metrics.json
Predictions saved to /home/cseomoon/appl/af_analysis-0.1.4/model/regression/results/rg_rosetta_20250522_005238/rf/fold_5/predictions.csv (shape: (700, 2))
Calculating SHAP values for Random Forest using SHAP Explainer...
SHAP calculation took 13.16 seconds.
--- Saving SHAP results for Fold 5 ---
SHAP values saved to: /home/cseomoon/appl/af_analysis-0.1.4/model/regression/results/rg_rosetta_20250522_005238/rf/fold_5/shap_values_fold_5.npy
X_explain saved to (CSV): /home/cseomoon/appl/af_analysis-0.1.4/model/regression/results/rg_rosetta_20250522_005238/rf/fold_5/X_explain_fold_5.csv
SHAP expected value saved to: /home/cseomoon/appl/af_analysis-0.1.4/model/regression/results/rg_rosetta_20250522_005238/rf/fold_5/shap_expected_value_fold_5.joblib
SHAP dot plot saved to: /home/cseomoon/appl/af_analysis-0.1.4/model/regression/results/rg_rosetta_20250522_005238/rf/fold_5/shap_summary_dot_fold_5.png
SHAP bar plot saved to: /home/cseomoon/appl/af_analysis-0.1.4/model/regression/results/rg_rosetta_20250522_005238/rf/fold_5/shap_summary_bar_fold_5.png
--- SHAP saving completed for Fold 5 ---
Results saved to /home/cseomoon/appl/af_analysis-0.1.4/model/regression/results/rg_rosetta_20250522_005238/rf/metrics_summary.json

--- Analyzing Global SHAP for Model: rf ---
Loading data from fold_1...
Loading data from fold_2...
Loading data from fold_3...
Loading data from fold_4...
Loading data from fold_5...
Loaded SHAP data from 5 folds.
Combined SHAP values shape: (3647, 69)
Combined X_explain shape: (3647, 69)
Combined SHAP data saved to (CSV for X_explain): /home/cseomoon/appl/af_analysis-0.1.4/model/regression/results/rg_rosetta_20250522_005238/rf/combined_shap
Global SHAP feature importance saved to: /home/cseomoon/appl/af_analysis-0.1.4/model/regression/results/rg_rosetta_20250522_005238/rf/combined_shap/global_shap_feature_importance.csv

Top 10 Features by Global Mean Absolute SHAP:
                 feature  mean_abs_shap
0                 iptm_A       0.017465
1     chain_pair_iptm_AL       0.016410
2        avg_model_plddt       0.016215
3                 iptm_L       0.015979
4     chain_pair_iptm_AH       0.015958
5  chain_pair_pae_min_AH       0.011779
6     interface_plddt_AH       0.011597
7                pdockq2       0.010040
8             pdockq2_AH       0.009815
9  chain_pair_pae_min_AL       0.009636
Combined SHAP dot plot saved to: /home/cseomoon/appl/af_analysis-0.1.4/model/regression/results/rg_rosetta_20250522_005238/rf/combined_shap/combined_shap_summary_dot.png
Combined SHAP bar plot saved to: /home/cseomoon/appl/af_analysis-0.1.4/model/regression/results/rg_rosetta_20250522_005238/rf/combined_shap/combined_shap_summary_bar.png
--- Global SHAP analysis completed for: rf ---
Fitting 3 folds for each of 50 candidates, totalling 150 fits
Results saved to /home/cseomoon/appl/af_analysis-0.1.4/model/regression/results/rg_rosetta_20250522_005238/lgbm/fold_1/best_params.json
Calculated Metrics: R2=0.5239, RMSE=0.2192, MAE=0.1215
Results saved to /home/cseomoon/appl/af_analysis-0.1.4/model/regression/results/rg_rosetta_20250522_005238/lgbm/fold_1/metrics.json
Predictions saved to /home/cseomoon/appl/af_analysis-0.1.4/model/regression/results/rg_rosetta_20250522_005238/lgbm/fold_1/predictions.csv (shape: (749, 2))
Calculating SHAP values for LightGBM using SHAP Explainer...
SHAP calculation took 1.07 seconds.
--- Saving SHAP results for Fold 1 ---
SHAP values saved to: /home/cseomoon/appl/af_analysis-0.1.4/model/regression/results/rg_rosetta_20250522_005238/lgbm/fold_1/shap_values_fold_1.npy
X_explain saved to (CSV): /home/cseomoon/appl/af_analysis-0.1.4/model/regression/results/rg_rosetta_20250522_005238/lgbm/fold_1/X_explain_fold_1.csv
SHAP expected value saved to: /home/cseomoon/appl/af_analysis-0.1.4/model/regression/results/rg_rosetta_20250522_005238/lgbm/fold_1/shap_expected_value_fold_1.joblib
SHAP dot plot saved to: /home/cseomoon/appl/af_analysis-0.1.4/model/regression/results/rg_rosetta_20250522_005238/lgbm/fold_1/shap_summary_dot_fold_1.png
SHAP bar plot saved to: /home/cseomoon/appl/af_analysis-0.1.4/model/regression/results/rg_rosetta_20250522_005238/lgbm/fold_1/shap_summary_bar_fold_1.png
--- SHAP saving completed for Fold 1 ---
Fitting 3 folds for each of 50 candidates, totalling 150 fits
Results saved to /home/cseomoon/appl/af_analysis-0.1.4/model/regression/results/rg_rosetta_20250522_005238/lgbm/fold_2/best_params.json
Calculated Metrics: R2=0.8667, RMSE=0.1245, MAE=0.0750
Results saved to /home/cseomoon/appl/af_analysis-0.1.4/model/regression/results/rg_rosetta_20250522_005238/lgbm/fold_2/metrics.json
Predictions saved to /home/cseomoon/appl/af_analysis-0.1.4/model/regression/results/rg_rosetta_20250522_005238/lgbm/fold_2/predictions.csv (shape: (749, 2))
Calculating SHAP values for LightGBM using SHAP Explainer...
SHAP calculation took 0.40 seconds.
--- Saving SHAP results for Fold 2 ---
SHAP values saved to: /home/cseomoon/appl/af_analysis-0.1.4/model/regression/results/rg_rosetta_20250522_005238/lgbm/fold_2/shap_values_fold_2.npy
X_explain saved to (CSV): /home/cseomoon/appl/af_analysis-0.1.4/model/regression/results/rg_rosetta_20250522_005238/lgbm/fold_2/X_explain_fold_2.csv
SHAP expected value saved to: /home/cseomoon/appl/af_analysis-0.1.4/model/regression/results/rg_rosetta_20250522_005238/lgbm/fold_2/shap_expected_value_fold_2.joblib
SHAP dot plot saved to: /home/cseomoon/appl/af_analysis-0.1.4/model/regression/results/rg_rosetta_20250522_005238/lgbm/fold_2/shap_summary_dot_fold_2.png
SHAP bar plot saved to: /home/cseomoon/appl/af_analysis-0.1.4/model/regression/results/rg_rosetta_20250522_005238/lgbm/fold_2/shap_summary_bar_fold_2.png
--- SHAP saving completed for Fold 2 ---
Fitting 3 folds for each of 50 candidates, totalling 150 fits
Results saved to /home/cseomoon/appl/af_analysis-0.1.4/model/regression/results/rg_rosetta_20250522_005238/lgbm/fold_3/best_params.json
Calculated Metrics: R2=0.6574, RMSE=0.1487, MAE=0.0942
Results saved to /home/cseomoon/appl/af_analysis-0.1.4/model/regression/results/rg_rosetta_20250522_005238/lgbm/fold_3/metrics.json
Predictions saved to /home/cseomoon/appl/af_analysis-0.1.4/model/regression/results/rg_rosetta_20250522_005238/lgbm/fold_3/predictions.csv (shape: (749, 2))
Calculating SHAP values for LightGBM using SHAP Explainer...
SHAP calculation took 1.50 seconds.
--- Saving SHAP results for Fold 3 ---
SHAP values saved to: /home/cseomoon/appl/af_analysis-0.1.4/model/regression/results/rg_rosetta_20250522_005238/lgbm/fold_3/shap_values_fold_3.npy
X_explain saved to (CSV): /home/cseomoon/appl/af_analysis-0.1.4/model/regression/results/rg_rosetta_20250522_005238/lgbm/fold_3/X_explain_fold_3.csv
SHAP expected value saved to: /home/cseomoon/appl/af_analysis-0.1.4/model/regression/results/rg_rosetta_20250522_005238/lgbm/fold_3/shap_expected_value_fold_3.joblib
SHAP dot plot saved to: /home/cseomoon/appl/af_analysis-0.1.4/model/regression/results/rg_rosetta_20250522_005238/lgbm/fold_3/shap_summary_dot_fold_3.png
SHAP bar plot saved to: /home/cseomoon/appl/af_analysis-0.1.4/model/regression/results/rg_rosetta_20250522_005238/lgbm/fold_3/shap_summary_bar_fold_3.png
--- SHAP saving completed for Fold 3 ---
Fitting 3 folds for each of 50 candidates, totalling 150 fits
Results saved to /home/cseomoon/appl/af_analysis-0.1.4/model/regression/results/rg_rosetta_20250522_005238/lgbm/fold_4/best_params.json
Calculated Metrics: R2=0.1976, RMSE=0.2164, MAE=0.1248
Results saved to /home/cseomoon/appl/af_analysis-0.1.4/model/regression/results/rg_rosetta_20250522_005238/lgbm/fold_4/metrics.json
Predictions saved to /home/cseomoon/appl/af_analysis-0.1.4/model/regression/results/rg_rosetta_20250522_005238/lgbm/fold_4/predictions.csv (shape: (700, 2))
Calculating SHAP values for LightGBM using SHAP Explainer...
SHAP calculation took 0.15 seconds.
--- Saving SHAP results for Fold 4 ---
SHAP values saved to: /home/cseomoon/appl/af_analysis-0.1.4/model/regression/results/rg_rosetta_20250522_005238/lgbm/fold_4/shap_values_fold_4.npy
X_explain saved to (CSV): /home/cseomoon/appl/af_analysis-0.1.4/model/regression/results/rg_rosetta_20250522_005238/lgbm/fold_4/X_explain_fold_4.csv
SHAP expected value saved to: /home/cseomoon/appl/af_analysis-0.1.4/model/regression/results/rg_rosetta_20250522_005238/lgbm/fold_4/shap_expected_value_fold_4.joblib
SHAP dot plot saved to: /home/cseomoon/appl/af_analysis-0.1.4/model/regression/results/rg_rosetta_20250522_005238/lgbm/fold_4/shap_summary_dot_fold_4.png
SHAP bar plot saved to: /home/cseomoon/appl/af_analysis-0.1.4/model/regression/results/rg_rosetta_20250522_005238/lgbm/fold_4/shap_summary_bar_fold_4.png
--- SHAP saving completed for Fold 4 ---
Fitting 3 folds for each of 50 candidates, totalling 150 fits
Results saved to /home/cseomoon/appl/af_analysis-0.1.4/model/regression/results/rg_rosetta_20250522_005238/lgbm/fold_5/best_params.json
Calculated Metrics: R2=0.8048, RMSE=0.1447, MAE=0.0875
Results saved to /home/cseomoon/appl/af_analysis-0.1.4/model/regression/results/rg_rosetta_20250522_005238/lgbm/fold_5/metrics.json
Predictions saved to /home/cseomoon/appl/af_analysis-0.1.4/model/regression/results/rg_rosetta_20250522_005238/lgbm/fold_5/predictions.csv (shape: (700, 2))
Calculating SHAP values for LightGBM using SHAP Explainer...
SHAP calculation took 1.11 seconds.
--- Saving SHAP results for Fold 5 ---
SHAP values saved to: /home/cseomoon/appl/af_analysis-0.1.4/model/regression/results/rg_rosetta_20250522_005238/lgbm/fold_5/shap_values_fold_5.npy
X_explain saved to (CSV): /home/cseomoon/appl/af_analysis-0.1.4/model/regression/results/rg_rosetta_20250522_005238/lgbm/fold_5/X_explain_fold_5.csv
SHAP expected value saved to: /home/cseomoon/appl/af_analysis-0.1.4/model/regression/results/rg_rosetta_20250522_005238/lgbm/fold_5/shap_expected_value_fold_5.joblib
SHAP dot plot saved to: /home/cseomoon/appl/af_analysis-0.1.4/model/regression/results/rg_rosetta_20250522_005238/lgbm/fold_5/shap_summary_dot_fold_5.png
SHAP bar plot saved to: /home/cseomoon/appl/af_analysis-0.1.4/model/regression/results/rg_rosetta_20250522_005238/lgbm/fold_5/shap_summary_bar_fold_5.png
--- SHAP saving completed for Fold 5 ---
Results saved to /home/cseomoon/appl/af_analysis-0.1.4/model/regression/results/rg_rosetta_20250522_005238/lgbm/metrics_summary.json

--- Analyzing Global SHAP for Model: lgbm ---
Loading data from fold_1...
Loading data from fold_2...
Loading data from fold_3...
Loading data from fold_4...
Loading data from fold_5...
Loaded SHAP data from 5 folds.
Combined SHAP values shape: (3647, 69)
Combined X_explain shape: (3647, 69)
Combined SHAP data saved to (CSV for X_explain): /home/cseomoon/appl/af_analysis-0.1.4/model/regression/results/rg_rosetta_20250522_005238/lgbm/combined_shap
Global SHAP feature importance saved to: /home/cseomoon/appl/af_analysis-0.1.4/model/regression/results/rg_rosetta_20250522_005238/lgbm/combined_shap/global_shap_feature_importance.csv

Top 10 Features by Global Mean Absolute SHAP:
                 feature  mean_abs_shap
0     chain_pair_iptm_AL       0.064152
1                 iptm_L       0.026646
2                 iptm_A       0.025222
3     chain_pair_iptm_AH       0.021155
4         query_avg_RMSD       0.019735
5      scaled_query_RMSD       0.018427
6         model_avg_RMSD       0.015809
7  chain_pair_pae_min_AH       0.013030
8      scaled_model_RMSD       0.012985
9       interface_pae_AH       0.009137
Combined SHAP dot plot saved to: /home/cseomoon/appl/af_analysis-0.1.4/model/regression/results/rg_rosetta_20250522_005238/lgbm/combined_shap/combined_shap_summary_dot.png
Combined SHAP bar plot saved to: /home/cseomoon/appl/af_analysis-0.1.4/model/regression/results/rg_rosetta_20250522_005238/lgbm/combined_shap/combined_shap_summary_bar.png
--- Global SHAP analysis completed for: lgbm ---
Fitting 3 folds for each of 50 candidates, totalling 150 fits
Results saved to /home/cseomoon/appl/af_analysis-0.1.4/model/regression/results/rg_rosetta_20250522_005238/xgb/fold_1/best_params.json
Calculated Metrics: R2=0.5457, RMSE=0.2141, MAE=0.1293
Results saved to /home/cseomoon/appl/af_analysis-0.1.4/model/regression/results/rg_rosetta_20250522_005238/xgb/fold_1/metrics.json
Predictions saved to /home/cseomoon/appl/af_analysis-0.1.4/model/regression/results/rg_rosetta_20250522_005238/xgb/fold_1/predictions.csv (shape: (749, 2))
Calculating SHAP values for XGBoost using SHAP Explainer...
SHAP calculation took 0.10 seconds.
--- Saving SHAP results for Fold 1 ---
SHAP values saved to: /home/cseomoon/appl/af_analysis-0.1.4/model/regression/results/rg_rosetta_20250522_005238/xgb/fold_1/shap_values_fold_1.npy
X_explain saved to (CSV): /home/cseomoon/appl/af_analysis-0.1.4/model/regression/results/rg_rosetta_20250522_005238/xgb/fold_1/X_explain_fold_1.csv
SHAP expected value saved to: /home/cseomoon/appl/af_analysis-0.1.4/model/regression/results/rg_rosetta_20250522_005238/xgb/fold_1/shap_expected_value_fold_1.joblib
SHAP dot plot saved to: /home/cseomoon/appl/af_analysis-0.1.4/model/regression/results/rg_rosetta_20250522_005238/xgb/fold_1/shap_summary_dot_fold_1.png
SHAP bar plot saved to: /home/cseomoon/appl/af_analysis-0.1.4/model/regression/results/rg_rosetta_20250522_005238/xgb/fold_1/shap_summary_bar_fold_1.png
--- SHAP saving completed for Fold 1 ---
Fitting 3 folds for each of 50 candidates, totalling 150 fits
Results saved to /home/cseomoon/appl/af_analysis-0.1.4/model/regression/results/rg_rosetta_20250522_005238/xgb/fold_2/best_params.json
Calculated Metrics: R2=0.8189, RMSE=0.1452, MAE=0.0977
Results saved to /home/cseomoon/appl/af_analysis-0.1.4/model/regression/results/rg_rosetta_20250522_005238/xgb/fold_2/metrics.json
Predictions saved to /home/cseomoon/appl/af_analysis-0.1.4/model/regression/results/rg_rosetta_20250522_005238/xgb/fold_2/predictions.csv (shape: (749, 2))
Calculating SHAP values for XGBoost using SHAP Explainer...
SHAP calculation took 0.10 seconds.
--- Saving SHAP results for Fold 2 ---
SHAP values saved to: /home/cseomoon/appl/af_analysis-0.1.4/model/regression/results/rg_rosetta_20250522_005238/xgb/fold_2/shap_values_fold_2.npy
X_explain saved to (CSV): /home/cseomoon/appl/af_analysis-0.1.4/model/regression/results/rg_rosetta_20250522_005238/xgb/fold_2/X_explain_fold_2.csv
SHAP expected value saved to: /home/cseomoon/appl/af_analysis-0.1.4/model/regression/results/rg_rosetta_20250522_005238/xgb/fold_2/shap_expected_value_fold_2.joblib
SHAP dot plot saved to: /home/cseomoon/appl/af_analysis-0.1.4/model/regression/results/rg_rosetta_20250522_005238/xgb/fold_2/shap_summary_dot_fold_2.png
SHAP bar plot saved to: /home/cseomoon/appl/af_analysis-0.1.4/model/regression/results/rg_rosetta_20250522_005238/xgb/fold_2/shap_summary_bar_fold_2.png
--- SHAP saving completed for Fold 2 ---
Fitting 3 folds for each of 50 candidates, totalling 150 fits
Results saved to /home/cseomoon/appl/af_analysis-0.1.4/model/regression/results/rg_rosetta_20250522_005238/xgb/fold_3/best_params.json
Calculated Metrics: R2=0.6349, RMSE=0.1535, MAE=0.0966
Results saved to /home/cseomoon/appl/af_analysis-0.1.4/model/regression/results/rg_rosetta_20250522_005238/xgb/fold_3/metrics.json
Predictions saved to /home/cseomoon/appl/af_analysis-0.1.4/model/regression/results/rg_rosetta_20250522_005238/xgb/fold_3/predictions.csv (shape: (749, 2))
Calculating SHAP values for XGBoost using SHAP Explainer...
SHAP calculation took 0.38 seconds.
--- Saving SHAP results for Fold 3 ---
SHAP values saved to: /home/cseomoon/appl/af_analysis-0.1.4/model/regression/results/rg_rosetta_20250522_005238/xgb/fold_3/shap_values_fold_3.npy
X_explain saved to (CSV): /home/cseomoon/appl/af_analysis-0.1.4/model/regression/results/rg_rosetta_20250522_005238/xgb/fold_3/X_explain_fold_3.csv
SHAP expected value saved to: /home/cseomoon/appl/af_analysis-0.1.4/model/regression/results/rg_rosetta_20250522_005238/xgb/fold_3/shap_expected_value_fold_3.joblib
SHAP dot plot saved to: /home/cseomoon/appl/af_analysis-0.1.4/model/regression/results/rg_rosetta_20250522_005238/xgb/fold_3/shap_summary_dot_fold_3.png
SHAP bar plot saved to: /home/cseomoon/appl/af_analysis-0.1.4/model/regression/results/rg_rosetta_20250522_005238/xgb/fold_3/shap_summary_bar_fold_3.png
--- SHAP saving completed for Fold 3 ---
Fitting 3 folds for each of 50 candidates, totalling 150 fits
Results saved to /home/cseomoon/appl/af_analysis-0.1.4/model/regression/results/rg_rosetta_20250522_005238/xgb/fold_4/best_params.json
Calculated Metrics: R2=0.1972, RMSE=0.2165, MAE=0.1174
Results saved to /home/cseomoon/appl/af_analysis-0.1.4/model/regression/results/rg_rosetta_20250522_005238/xgb/fold_4/metrics.json
Predictions saved to /home/cseomoon/appl/af_analysis-0.1.4/model/regression/results/rg_rosetta_20250522_005238/xgb/fold_4/predictions.csv (shape: (700, 2))
Calculating SHAP values for XGBoost using SHAP Explainer...
SHAP calculation took 0.05 seconds.
--- Saving SHAP results for Fold 4 ---
SHAP values saved to: /home/cseomoon/appl/af_analysis-0.1.4/model/regression/results/rg_rosetta_20250522_005238/xgb/fold_4/shap_values_fold_4.npy
X_explain saved to (CSV): /home/cseomoon/appl/af_analysis-0.1.4/model/regression/results/rg_rosetta_20250522_005238/xgb/fold_4/X_explain_fold_4.csv
SHAP expected value saved to: /home/cseomoon/appl/af_analysis-0.1.4/model/regression/results/rg_rosetta_20250522_005238/xgb/fold_4/shap_expected_value_fold_4.joblib
SHAP dot plot saved to: /home/cseomoon/appl/af_analysis-0.1.4/model/regression/results/rg_rosetta_20250522_005238/xgb/fold_4/shap_summary_dot_fold_4.png
SHAP bar plot saved to: /home/cseomoon/appl/af_analysis-0.1.4/model/regression/results/rg_rosetta_20250522_005238/xgb/fold_4/shap_summary_bar_fold_4.png
--- SHAP saving completed for Fold 4 ---
Fitting 3 folds for each of 50 candidates, totalling 150 fits
Results saved to /home/cseomoon/appl/af_analysis-0.1.4/model/regression/results/rg_rosetta_20250522_005238/xgb/fold_5/best_params.json
Calculated Metrics: R2=0.8017, RMSE=0.1458, MAE=0.0915
Results saved to /home/cseomoon/appl/af_analysis-0.1.4/model/regression/results/rg_rosetta_20250522_005238/xgb/fold_5/metrics.json
Predictions saved to /home/cseomoon/appl/af_analysis-0.1.4/model/regression/results/rg_rosetta_20250522_005238/xgb/fold_5/predictions.csv (shape: (700, 2))
Calculating SHAP values for XGBoost using SHAP Explainer...
SHAP calculation took 0.10 seconds.
--- Saving SHAP results for Fold 5 ---
SHAP values saved to: /home/cseomoon/appl/af_analysis-0.1.4/model/regression/results/rg_rosetta_20250522_005238/xgb/fold_5/shap_values_fold_5.npy
X_explain saved to (CSV): /home/cseomoon/appl/af_analysis-0.1.4/model/regression/results/rg_rosetta_20250522_005238/xgb/fold_5/X_explain_fold_5.csv
SHAP expected value saved to: /home/cseomoon/appl/af_analysis-0.1.4/model/regression/results/rg_rosetta_20250522_005238/xgb/fold_5/shap_expected_value_fold_5.joblib
SHAP dot plot saved to: /home/cseomoon/appl/af_analysis-0.1.4/model/regression/results/rg_rosetta_20250522_005238/xgb/fold_5/shap_summary_dot_fold_5.png
SHAP bar plot saved to: /home/cseomoon/appl/af_analysis-0.1.4/model/regression/results/rg_rosetta_20250522_005238/xgb/fold_5/shap_summary_bar_fold_5.png
--- SHAP saving completed for Fold 5 ---
Results saved to /home/cseomoon/appl/af_analysis-0.1.4/model/regression/results/rg_rosetta_20250522_005238/xgb/metrics_summary.json

--- Analyzing Global SHAP for Model: xgb ---
Loading data from fold_1...
Loading data from fold_2...
Loading data from fold_3...
Loading data from fold_4...
Loading data from fold_5...
Loaded SHAP data from 5 folds.
Combined SHAP values shape: (3647, 69)
Combined X_explain shape: (3647, 69)
Combined SHAP data saved to (CSV for X_explain): /home/cseomoon/appl/af_analysis-0.1.4/model/regression/results/rg_rosetta_20250522_005238/xgb/combined_shap
Global SHAP feature importance saved to: /home/cseomoon/appl/af_analysis-0.1.4/model/regression/results/rg_rosetta_20250522_005238/xgb/combined_shap/global_shap_feature_importance.csv

Top 10 Features by Global Mean Absolute SHAP:
                 feature  mean_abs_shap
0     chain_pair_iptm_AL       0.057393
1        avg_model_plddt       0.032132
2                 iptm_L       0.027810
3  chain_pair_pae_min_AH       0.021646
4         query_avg_RMSD       0.018406
5       interface_pae_AH       0.016082
6     interface_plddt_AH       0.014547
7         model_avg_RMSD       0.010094
8          chain_plddt_A       0.008917
9      scaled_query_RMSD       0.007661
Combined SHAP dot plot saved to: /home/cseomoon/appl/af_analysis-0.1.4/model/regression/results/rg_rosetta_20250522_005238/xgb/combined_shap/combined_shap_summary_dot.png
Combined SHAP bar plot saved to: /home/cseomoon/appl/af_analysis-0.1.4/model/regression/results/rg_rosetta_20250522_005238/xgb/combined_shap/combined_shap_summary_bar.png
--- Global SHAP analysis completed for: xgb ---
Fitting 3 folds for each of 2 candidates, totalling 6 fits
Results saved to /home/cseomoon/appl/af_analysis-0.1.4/model/regression/results/rg_rosetta_20250522_005238/lr/fold_1/best_params.json
Calculated Metrics: R2=-129588987.2139, RMSE=3616.8407, MAE=132.3272
Results saved to /home/cseomoon/appl/af_analysis-0.1.4/model/regression/results/rg_rosetta_20250522_005238/lr/fold_1/metrics.json
Fitting 3 folds for each of 2 candidates, totalling 6 fits
Results saved to /home/cseomoon/appl/af_analysis-0.1.4/model/regression/results/rg_rosetta_20250522_005238/lr/fold_2/best_params.json
Calculated Metrics: R2=0.1372, RMSE=0.3168, MAE=0.2728
Results saved to /home/cseomoon/appl/af_analysis-0.1.4/model/regression/results/rg_rosetta_20250522_005238/lr/fold_2/metrics.json
Predictions saved to /home/cseomoon/appl/af_analysis-0.1.4/model/regression/results/rg_rosetta_20250522_005238/lr/fold_2/predictions.csv (shape: (749, 2))
--- Saving SHAP results for Fold 2 ---
SHAP values saved to: /home/cseomoon/appl/af_analysis-0.1.4/model/regression/results/rg_rosetta_20250522_005238/lr/fold_2/shap_values_fold_2.npy
X_explain saved to (CSV): /home/cseomoon/appl/af_analysis-0.1.4/model/regression/results/rg_rosetta_20250522_005238/lr/fold_2/X_explain_fold_2.csv
SHAP expected value saved to: /home/cseomoon/appl/af_analysis-0.1.4/model/regression/results/rg_rosetta_20250522_005238/lr/fold_2/shap_expected_value_fold_2.joblib
SHAP dot plot saved to: /home/cseomoon/appl/af_analysis-0.1.4/model/regression/results/rg_rosetta_20250522_005238/lr/fold_2/shap_summary_dot_fold_2.png
SHAP bar plot saved to: /home/cseomoon/appl/af_analysis-0.1.4/model/regression/results/rg_rosetta_20250522_005238/lr/fold_2/shap_summary_bar_fold_2.png
--- SHAP saving completed for Fold 2 ---
Fitting 3 folds for each of 2 candidates, totalling 6 fits
Results saved to /home/cseomoon/appl/af_analysis-0.1.4/model/regression/results/rg_rosetta_20250522_005238/lr/fold_3/best_params.json
Calculated Metrics: R2=-0.3168, RMSE=0.2916, MAE=0.2626
Results saved to /home/cseomoon/appl/af_analysis-0.1.4/model/regression/results/rg_rosetta_20250522_005238/lr/fold_3/metrics.json
Predictions saved to /home/cseomoon/appl/af_analysis-0.1.4/model/regression/results/rg_rosetta_20250522_005238/lr/fold_3/predictions.csv (shape: (749, 2))
--- Saving SHAP results for Fold 3 ---
SHAP values saved to: /home/cseomoon/appl/af_analysis-0.1.4/model/regression/results/rg_rosetta_20250522_005238/lr/fold_3/shap_values_fold_3.npy
X_explain saved to (CSV): /home/cseomoon/appl/af_analysis-0.1.4/model/regression/results/rg_rosetta_20250522_005238/lr/fold_3/X_explain_fold_3.csv
SHAP expected value saved to: /home/cseomoon/appl/af_analysis-0.1.4/model/regression/results/rg_rosetta_20250522_005238/lr/fold_3/shap_expected_value_fold_3.joblib
SHAP dot plot saved to: /home/cseomoon/appl/af_analysis-0.1.4/model/regression/results/rg_rosetta_20250522_005238/lr/fold_3/shap_summary_dot_fold_3.png
SHAP bar plot saved to: /home/cseomoon/appl/af_analysis-0.1.4/model/regression/results/rg_rosetta_20250522_005238/lr/fold_3/shap_summary_bar_fold_3.png
--- SHAP saving completed for Fold 3 ---
Fitting 3 folds for each of 2 candidates, totalling 6 fits
Results saved to /home/cseomoon/appl/af_analysis-0.1.4/model/regression/results/rg_rosetta_20250522_005238/lr/fold_4/best_params.json
Calculated Metrics: R2=0.0690, RMSE=0.2331, MAE=0.1688
Results saved to /home/cseomoon/appl/af_analysis-0.1.4/model/regression/results/rg_rosetta_20250522_005238/lr/fold_4/metrics.json
Predictions saved to /home/cseomoon/appl/af_analysis-0.1.4/model/regression/results/rg_rosetta_20250522_005238/lr/fold_4/predictions.csv (shape: (700, 2))
--- Saving SHAP results for Fold 4 ---
SHAP values saved to: /home/cseomoon/appl/af_analysis-0.1.4/model/regression/results/rg_rosetta_20250522_005238/lr/fold_4/shap_values_fold_4.npy
X_explain saved to (CSV): /home/cseomoon/appl/af_analysis-0.1.4/model/regression/results/rg_rosetta_20250522_005238/lr/fold_4/X_explain_fold_4.csv
SHAP expected value saved to: /home/cseomoon/appl/af_analysis-0.1.4/model/regression/results/rg_rosetta_20250522_005238/lr/fold_4/shap_expected_value_fold_4.joblib
SHAP dot plot saved to: /home/cseomoon/appl/af_analysis-0.1.4/model/regression/results/rg_rosetta_20250522_005238/lr/fold_4/shap_summary_dot_fold_4.png
SHAP bar plot saved to: /home/cseomoon/appl/af_analysis-0.1.4/model/regression/results/rg_rosetta_20250522_005238/lr/fold_4/shap_summary_bar_fold_4.png
--- SHAP saving completed for Fold 4 ---
Fitting 3 folds for each of 2 candidates, totalling 6 fits
Results saved to /home/cseomoon/appl/af_analysis-0.1.4/model/regression/results/rg_rosetta_20250522_005238/lr/fold_5/best_params.json
Calculated Metrics: R2=0.1501, RMSE=0.3019, MAE=0.1786
Results saved to /home/cseomoon/appl/af_analysis-0.1.4/model/regression/results/rg_rosetta_20250522_005238/lr/fold_5/metrics.json
Predictions saved to /home/cseomoon/appl/af_analysis-0.1.4/model/regression/results/rg_rosetta_20250522_005238/lr/fold_5/predictions.csv (shape: (700, 2))
--- Saving SHAP results for Fold 5 ---
SHAP values saved to: /home/cseomoon/appl/af_analysis-0.1.4/model/regression/results/rg_rosetta_20250522_005238/lr/fold_5/shap_values_fold_5.npy
X_explain saved to (CSV): /home/cseomoon/appl/af_analysis-0.1.4/model/regression/results/rg_rosetta_20250522_005238/lr/fold_5/X_explain_fold_5.csv
SHAP expected value saved to: /home/cseomoon/appl/af_analysis-0.1.4/model/regression/results/rg_rosetta_20250522_005238/lr/fold_5/shap_expected_value_fold_5.joblib
SHAP dot plot saved to: /home/cseomoon/appl/af_analysis-0.1.4/model/regression/results/rg_rosetta_20250522_005238/lr/fold_5/shap_summary_dot_fold_5.png
SHAP bar plot saved to: /home/cseomoon/appl/af_analysis-0.1.4/model/regression/results/rg_rosetta_20250522_005238/lr/fold_5/shap_summary_bar_fold_5.png
--- SHAP saving completed for Fold 5 ---
Fitting 3 folds for each of 50 candidates, totalling 150 fits
Results saved to /home/cseomoon/appl/af_analysis-0.1.4/model/regression/results/rg_rosetta_20250522_005238/ridge/fold_1/best_params.json
Calculated Metrics: R2=-4347449.1837, RMSE=662.4645, MAE=24.3302
Results saved to /home/cseomoon/appl/af_analysis-0.1.4/model/regression/results/rg_rosetta_20250522_005238/ridge/fold_1/metrics.json
Fitting 3 folds for each of 50 candidates, totalling 150 fits
Results saved to /home/cseomoon/appl/af_analysis-0.1.4/model/regression/results/rg_rosetta_20250522_005238/ridge/fold_2/best_params.json
Calculated Metrics: R2=0.8297, RMSE=0.1408, MAE=0.1014
Results saved to /home/cseomoon/appl/af_analysis-0.1.4/model/regression/results/rg_rosetta_20250522_005238/ridge/fold_2/metrics.json
Predictions saved to /home/cseomoon/appl/af_analysis-0.1.4/model/regression/results/rg_rosetta_20250522_005238/ridge/fold_2/predictions.csv (shape: (749, 2))
--- Saving SHAP results for Fold 2 ---
SHAP values saved to: /home/cseomoon/appl/af_analysis-0.1.4/model/regression/results/rg_rosetta_20250522_005238/ridge/fold_2/shap_values_fold_2.npy
X_explain saved to (CSV): /home/cseomoon/appl/af_analysis-0.1.4/model/regression/results/rg_rosetta_20250522_005238/ridge/fold_2/X_explain_fold_2.csv
SHAP expected value saved to: /home/cseomoon/appl/af_analysis-0.1.4/model/regression/results/rg_rosetta_20250522_005238/ridge/fold_2/shap_expected_value_fold_2.joblib
SHAP dot plot saved to: /home/cseomoon/appl/af_analysis-0.1.4/model/regression/results/rg_rosetta_20250522_005238/ridge/fold_2/shap_summary_dot_fold_2.png
SHAP bar plot saved to: /home/cseomoon/appl/af_analysis-0.1.4/model/regression/results/rg_rosetta_20250522_005238/ridge/fold_2/shap_summary_bar_fold_2.png
--- SHAP saving completed for Fold 2 ---
Fitting 3 folds for each of 50 candidates, totalling 150 fits
Results saved to /home/cseomoon/appl/af_analysis-0.1.4/model/regression/results/rg_rosetta_20250522_005238/ridge/fold_3/best_params.json
Calculated Metrics: R2=-0.2066, RMSE=0.2791, MAE=0.2498
Results saved to /home/cseomoon/appl/af_analysis-0.1.4/model/regression/results/rg_rosetta_20250522_005238/ridge/fold_3/metrics.json
Predictions saved to /home/cseomoon/appl/af_analysis-0.1.4/model/regression/results/rg_rosetta_20250522_005238/ridge/fold_3/predictions.csv (shape: (749, 2))
--- Saving SHAP results for Fold 3 ---
SHAP values saved to: /home/cseomoon/appl/af_analysis-0.1.4/model/regression/results/rg_rosetta_20250522_005238/ridge/fold_3/shap_values_fold_3.npy
X_explain saved to (CSV): /home/cseomoon/appl/af_analysis-0.1.4/model/regression/results/rg_rosetta_20250522_005238/ridge/fold_3/X_explain_fold_3.csv
SHAP expected value saved to: /home/cseomoon/appl/af_analysis-0.1.4/model/regression/results/rg_rosetta_20250522_005238/ridge/fold_3/shap_expected_value_fold_3.joblib
SHAP dot plot saved to: /home/cseomoon/appl/af_analysis-0.1.4/model/regression/results/rg_rosetta_20250522_005238/ridge/fold_3/shap_summary_dot_fold_3.png
SHAP bar plot saved to: /home/cseomoon/appl/af_analysis-0.1.4/model/regression/results/rg_rosetta_20250522_005238/ridge/fold_3/shap_summary_bar_fold_3.png
--- SHAP saving completed for Fold 3 ---
Fitting 3 folds for each of 50 candidates, totalling 150 fits
Results saved to /home/cseomoon/appl/af_analysis-0.1.4/model/regression/results/rg_rosetta_20250522_005238/ridge/fold_4/best_params.json
Calculated Metrics: R2=0.0076, RMSE=0.2407, MAE=0.2001
Results saved to /home/cseomoon/appl/af_analysis-0.1.4/model/regression/results/rg_rosetta_20250522_005238/ridge/fold_4/metrics.json
Predictions saved to /home/cseomoon/appl/af_analysis-0.1.4/model/regression/results/rg_rosetta_20250522_005238/ridge/fold_4/predictions.csv (shape: (700, 2))
--- Saving SHAP results for Fold 4 ---
SHAP values saved to: /home/cseomoon/appl/af_analysis-0.1.4/model/regression/results/rg_rosetta_20250522_005238/ridge/fold_4/shap_values_fold_4.npy
X_explain saved to (CSV): /home/cseomoon/appl/af_analysis-0.1.4/model/regression/results/rg_rosetta_20250522_005238/ridge/fold_4/X_explain_fold_4.csv
SHAP expected value saved to: /home/cseomoon/appl/af_analysis-0.1.4/model/regression/results/rg_rosetta_20250522_005238/ridge/fold_4/shap_expected_value_fold_4.joblib
SHAP dot plot saved to: /home/cseomoon/appl/af_analysis-0.1.4/model/regression/results/rg_rosetta_20250522_005238/ridge/fold_4/shap_summary_dot_fold_4.png
SHAP bar plot saved to: /home/cseomoon/appl/af_analysis-0.1.4/model/regression/results/rg_rosetta_20250522_005238/ridge/fold_4/shap_summary_bar_fold_4.png
--- SHAP saving completed for Fold 4 ---
Fitting 3 folds for each of 50 candidates, totalling 150 fits
Results saved to /home/cseomoon/appl/af_analysis-0.1.4/model/regression/results/rg_rosetta_20250522_005238/ridge/fold_5/best_params.json
Calculated Metrics: R2=-0.1280, RMSE=0.3478, MAE=0.2813
Results saved to /home/cseomoon/appl/af_analysis-0.1.4/model/regression/results/rg_rosetta_20250522_005238/ridge/fold_5/metrics.json
Predictions saved to /home/cseomoon/appl/af_analysis-0.1.4/model/regression/results/rg_rosetta_20250522_005238/ridge/fold_5/predictions.csv (shape: (700, 2))
--- Saving SHAP results for Fold 5 ---
SHAP values saved to: /home/cseomoon/appl/af_analysis-0.1.4/model/regression/results/rg_rosetta_20250522_005238/ridge/fold_5/shap_values_fold_5.npy
X_explain saved to (CSV): /home/cseomoon/appl/af_analysis-0.1.4/model/regression/results/rg_rosetta_20250522_005238/ridge/fold_5/X_explain_fold_5.csv
SHAP expected value saved to: /home/cseomoon/appl/af_analysis-0.1.4/model/regression/results/rg_rosetta_20250522_005238/ridge/fold_5/shap_expected_value_fold_5.joblib
SHAP dot plot saved to: /home/cseomoon/appl/af_analysis-0.1.4/model/regression/results/rg_rosetta_20250522_005238/ridge/fold_5/shap_summary_dot_fold_5.png
SHAP bar plot saved to: /home/cseomoon/appl/af_analysis-0.1.4/model/regression/results/rg_rosetta_20250522_005238/ridge/fold_5/shap_summary_bar_fold_5.png
--- SHAP saving completed for Fold 5 ---
Fitting 3 folds for each of 40 candidates, totalling 120 fits
Results saved to /home/cseomoon/appl/af_analysis-0.1.4/model/regression/results/rg_rosetta_20250522_005238/lasso/fold_1/best_params.json
Calculated Metrics: R2=0.7188, RMSE=0.1685, MAE=0.1117
Results saved to /home/cseomoon/appl/af_analysis-0.1.4/model/regression/results/rg_rosetta_20250522_005238/lasso/fold_1/metrics.json
Predictions saved to /home/cseomoon/appl/af_analysis-0.1.4/model/regression/results/rg_rosetta_20250522_005238/lasso/fold_1/predictions.csv (shape: (749, 2))
--- Saving SHAP results for Fold 1 ---
SHAP values saved to: /home/cseomoon/appl/af_analysis-0.1.4/model/regression/results/rg_rosetta_20250522_005238/lasso/fold_1/shap_values_fold_1.npy
X_explain saved to (CSV): /home/cseomoon/appl/af_analysis-0.1.4/model/regression/results/rg_rosetta_20250522_005238/lasso/fold_1/X_explain_fold_1.csv
SHAP expected value saved to: /home/cseomoon/appl/af_analysis-0.1.4/model/regression/results/rg_rosetta_20250522_005238/lasso/fold_1/shap_expected_value_fold_1.joblib
SHAP dot plot saved to: /home/cseomoon/appl/af_analysis-0.1.4/model/regression/results/rg_rosetta_20250522_005238/lasso/fold_1/shap_summary_dot_fold_1.png
SHAP bar plot saved to: /home/cseomoon/appl/af_analysis-0.1.4/model/regression/results/rg_rosetta_20250522_005238/lasso/fold_1/shap_summary_bar_fold_1.png
--- SHAP saving completed for Fold 1 ---
Fitting 3 folds for each of 40 candidates, totalling 120 fits
Results saved to /home/cseomoon/appl/af_analysis-0.1.4/model/regression/results/rg_rosetta_20250522_005238/lasso/fold_2/best_params.json
Calculated Metrics: R2=0.7800, RMSE=0.1600, MAE=0.1148
Results saved to /home/cseomoon/appl/af_analysis-0.1.4/model/regression/results/rg_rosetta_20250522_005238/lasso/fold_2/metrics.json
Predictions saved to /home/cseomoon/appl/af_analysis-0.1.4/model/regression/results/rg_rosetta_20250522_005238/lasso/fold_2/predictions.csv (shape: (749, 2))
--- Saving SHAP results for Fold 2 ---
SHAP values saved to: /home/cseomoon/appl/af_analysis-0.1.4/model/regression/results/rg_rosetta_20250522_005238/lasso/fold_2/shap_values_fold_2.npy
X_explain saved to (CSV): /home/cseomoon/appl/af_analysis-0.1.4/model/regression/results/rg_rosetta_20250522_005238/lasso/fold_2/X_explain_fold_2.csv
SHAP expected value saved to: /home/cseomoon/appl/af_analysis-0.1.4/model/regression/results/rg_rosetta_20250522_005238/lasso/fold_2/shap_expected_value_fold_2.joblib
SHAP dot plot saved to: /home/cseomoon/appl/af_analysis-0.1.4/model/regression/results/rg_rosetta_20250522_005238/lasso/fold_2/shap_summary_dot_fold_2.png
SHAP bar plot saved to: /home/cseomoon/appl/af_analysis-0.1.4/model/regression/results/rg_rosetta_20250522_005238/lasso/fold_2/shap_summary_bar_fold_2.png
--- SHAP saving completed for Fold 2 ---
Fitting 3 folds for each of 40 candidates, totalling 120 fits
Results saved to /home/cseomoon/appl/af_analysis-0.1.4/model/regression/results/rg_rosetta_20250522_005238/lasso/fold_3/best_params.json
Calculated Metrics: R2=0.6446, RMSE=0.1515, MAE=0.1165
Results saved to /home/cseomoon/appl/af_analysis-0.1.4/model/regression/results/rg_rosetta_20250522_005238/lasso/fold_3/metrics.json
Predictions saved to /home/cseomoon/appl/af_analysis-0.1.4/model/regression/results/rg_rosetta_20250522_005238/lasso/fold_3/predictions.csv (shape: (749, 2))
--- Saving SHAP results for Fold 3 ---
SHAP values saved to: /home/cseomoon/appl/af_analysis-0.1.4/model/regression/results/rg_rosetta_20250522_005238/lasso/fold_3/shap_values_fold_3.npy
X_explain saved to (CSV): /home/cseomoon/appl/af_analysis-0.1.4/model/regression/results/rg_rosetta_20250522_005238/lasso/fold_3/X_explain_fold_3.csv
SHAP expected value saved to: /home/cseomoon/appl/af_analysis-0.1.4/model/regression/results/rg_rosetta_20250522_005238/lasso/fold_3/shap_expected_value_fold_3.joblib
SHAP dot plot saved to: /home/cseomoon/appl/af_analysis-0.1.4/model/regression/results/rg_rosetta_20250522_005238/lasso/fold_3/shap_summary_dot_fold_3.png
SHAP bar plot saved to: /home/cseomoon/appl/af_analysis-0.1.4/model/regression/results/rg_rosetta_20250522_005238/lasso/fold_3/shap_summary_bar_fold_3.png
--- SHAP saving completed for Fold 3 ---
Fitting 3 folds for each of 40 candidates, totalling 120 fits
Results saved to /home/cseomoon/appl/af_analysis-0.1.4/model/regression/results/rg_rosetta_20250522_005238/lasso/fold_4/best_params.json
Calculated Metrics: R2=0.5591, RMSE=0.1604, MAE=0.1012
Results saved to /home/cseomoon/appl/af_analysis-0.1.4/model/regression/results/rg_rosetta_20250522_005238/lasso/fold_4/metrics.json
Predictions saved to /home/cseomoon/appl/af_analysis-0.1.4/model/regression/results/rg_rosetta_20250522_005238/lasso/fold_4/predictions.csv (shape: (700, 2))
--- Saving SHAP results for Fold 4 ---
SHAP values saved to: /home/cseomoon/appl/af_analysis-0.1.4/model/regression/results/rg_rosetta_20250522_005238/lasso/fold_4/shap_values_fold_4.npy
X_explain saved to (CSV): /home/cseomoon/appl/af_analysis-0.1.4/model/regression/results/rg_rosetta_20250522_005238/lasso/fold_4/X_explain_fold_4.csv
SHAP expected value saved to: /home/cseomoon/appl/af_analysis-0.1.4/model/regression/results/rg_rosetta_20250522_005238/lasso/fold_4/shap_expected_value_fold_4.joblib
SHAP dot plot saved to: /home/cseomoon/appl/af_analysis-0.1.4/model/regression/results/rg_rosetta_20250522_005238/lasso/fold_4/shap_summary_dot_fold_4.png
SHAP bar plot saved to: /home/cseomoon/appl/af_analysis-0.1.4/model/regression/results/rg_rosetta_20250522_005238/lasso/fold_4/shap_summary_bar_fold_4.png
--- SHAP saving completed for Fold 4 ---
Fitting 3 folds for each of 40 candidates, totalling 120 fits
Results saved to /home/cseomoon/appl/af_analysis-0.1.4/model/regression/results/rg_rosetta_20250522_005238/lasso/fold_5/best_params.json
Calculated Metrics: R2=0.8075, RMSE=0.1437, MAE=0.1017
Results saved to /home/cseomoon/appl/af_analysis-0.1.4/model/regression/results/rg_rosetta_20250522_005238/lasso/fold_5/metrics.json
Predictions saved to /home/cseomoon/appl/af_analysis-0.1.4/model/regression/results/rg_rosetta_20250522_005238/lasso/fold_5/predictions.csv (shape: (700, 2))
--- Saving SHAP results for Fold 5 ---
SHAP values saved to: /home/cseomoon/appl/af_analysis-0.1.4/model/regression/results/rg_rosetta_20250522_005238/lasso/fold_5/shap_values_fold_5.npy
X_explain saved to (CSV): /home/cseomoon/appl/af_analysis-0.1.4/model/regression/results/rg_rosetta_20250522_005238/lasso/fold_5/X_explain_fold_5.csv
SHAP expected value saved to: /home/cseomoon/appl/af_analysis-0.1.4/model/regression/results/rg_rosetta_20250522_005238/lasso/fold_5/shap_expected_value_fold_5.joblib
SHAP dot plot saved to: /home/cseomoon/appl/af_analysis-0.1.4/model/regression/results/rg_rosetta_20250522_005238/lasso/fold_5/shap_summary_dot_fold_5.png
SHAP bar plot saved to: /home/cseomoon/appl/af_analysis-0.1.4/model/regression/results/rg_rosetta_20250522_005238/lasso/fold_5/shap_summary_bar_fold_5.png
--- SHAP saving completed for Fold 5 ---
Results saved to /home/cseomoon/appl/af_analysis-0.1.4/model/regression/results/rg_rosetta_20250522_005238/lasso/metrics_summary.json

--- Analyzing Global SHAP for Model: lasso ---
Loading data from fold_1...
Loading data from fold_2...
Loading data from fold_3...
Loading data from fold_4...
Loading data from fold_5...
Loaded SHAP data from 5 folds.
Combined SHAP values shape: (3647, 69)
Combined X_explain shape: (3647, 69)
Combined SHAP data saved to (CSV for X_explain): /home/cseomoon/appl/af_analysis-0.1.4/model/regression/results/rg_rosetta_20250522_005238/lasso/combined_shap
Global SHAP feature importance saved to: /home/cseomoon/appl/af_analysis-0.1.4/model/regression/results/rg_rosetta_20250522_005238/lasso/combined_shap/global_shap_feature_importance.csv

Top 10 Features by Global Mean Absolute SHAP:
               feature  mean_abs_shap
0      avg_model_plddt       1.868050
1  avg_interface_plddt       0.139208
2    scaled_query_RMSD       0.050958
3   chain_pair_iptm_AL       0.045278
4               iptm_L       0.040113
5   chain_pair_iptm_AH       0.022161
6              pdockq2       0.013457
7           pdockq2_AH       0.012878
8               iptm_A       0.012687
9    scaled_model_RMSD       0.010142
Combined SHAP dot plot saved to: /home/cseomoon/appl/af_analysis-0.1.4/model/regression/results/rg_rosetta_20250522_005238/lasso/combined_shap/combined_shap_summary_dot.png
Combined SHAP bar plot saved to: /home/cseomoon/appl/af_analysis-0.1.4/model/regression/results/rg_rosetta_20250522_005238/lasso/combined_shap/combined_shap_summary_bar.png
--- Global SHAP analysis completed for: lasso ---
Fitting 3 folds for each of 50 candidates, totalling 150 fits
Results saved to /home/cseomoon/appl/af_analysis-0.1.4/model/regression/results/rg_rosetta_20250522_005238/en/fold_1/best_params.json
Calculated Metrics: R2=0.7149, RMSE=0.1697, MAE=0.1123
Results saved to /home/cseomoon/appl/af_analysis-0.1.4/model/regression/results/rg_rosetta_20250522_005238/en/fold_1/metrics.json
Predictions saved to /home/cseomoon/appl/af_analysis-0.1.4/model/regression/results/rg_rosetta_20250522_005238/en/fold_1/predictions.csv (shape: (749, 2))
--- Saving SHAP results for Fold 1 ---
SHAP values saved to: /home/cseomoon/appl/af_analysis-0.1.4/model/regression/results/rg_rosetta_20250522_005238/en/fold_1/shap_values_fold_1.npy
X_explain saved to (CSV): /home/cseomoon/appl/af_analysis-0.1.4/model/regression/results/rg_rosetta_20250522_005238/en/fold_1/X_explain_fold_1.csv
SHAP expected value saved to: /home/cseomoon/appl/af_analysis-0.1.4/model/regression/results/rg_rosetta_20250522_005238/en/fold_1/shap_expected_value_fold_1.joblib
SHAP dot plot saved to: /home/cseomoon/appl/af_analysis-0.1.4/model/regression/results/rg_rosetta_20250522_005238/en/fold_1/shap_summary_dot_fold_1.png
SHAP bar plot saved to: /home/cseomoon/appl/af_analysis-0.1.4/model/regression/results/rg_rosetta_20250522_005238/en/fold_1/shap_summary_bar_fold_1.png
--- SHAP saving completed for Fold 1 ---
Fitting 3 folds for each of 50 candidates, totalling 150 fits
Results saved to /home/cseomoon/appl/af_analysis-0.1.4/model/regression/results/rg_rosetta_20250522_005238/en/fold_2/best_params.json
Calculated Metrics: R2=0.8000, RMSE=0.1525, MAE=0.1088
Results saved to /home/cseomoon/appl/af_analysis-0.1.4/model/regression/results/rg_rosetta_20250522_005238/en/fold_2/metrics.json
Predictions saved to /home/cseomoon/appl/af_analysis-0.1.4/model/regression/results/rg_rosetta_20250522_005238/en/fold_2/predictions.csv (shape: (749, 2))
--- Saving SHAP results for Fold 2 ---
SHAP values saved to: /home/cseomoon/appl/af_analysis-0.1.4/model/regression/results/rg_rosetta_20250522_005238/en/fold_2/shap_values_fold_2.npy
X_explain saved to (CSV): /home/cseomoon/appl/af_analysis-0.1.4/model/regression/results/rg_rosetta_20250522_005238/en/fold_2/X_explain_fold_2.csv
SHAP expected value saved to: /home/cseomoon/appl/af_analysis-0.1.4/model/regression/results/rg_rosetta_20250522_005238/en/fold_2/shap_expected_value_fold_2.joblib
SHAP dot plot saved to: /home/cseomoon/appl/af_analysis-0.1.4/model/regression/results/rg_rosetta_20250522_005238/en/fold_2/shap_summary_dot_fold_2.png
SHAP bar plot saved to: /home/cseomoon/appl/af_analysis-0.1.4/model/regression/results/rg_rosetta_20250522_005238/en/fold_2/shap_summary_bar_fold_2.png
--- SHAP saving completed for Fold 2 ---
Fitting 3 folds for each of 50 candidates, totalling 150 fits
Results saved to /home/cseomoon/appl/af_analysis-0.1.4/model/regression/results/rg_rosetta_20250522_005238/en/fold_3/best_params.json
Calculated Metrics: R2=0.7016, RMSE=0.1388, MAE=0.1014
Results saved to /home/cseomoon/appl/af_analysis-0.1.4/model/regression/results/rg_rosetta_20250522_005238/en/fold_3/metrics.json
Predictions saved to /home/cseomoon/appl/af_analysis-0.1.4/model/regression/results/rg_rosetta_20250522_005238/en/fold_3/predictions.csv (shape: (749, 2))
--- Saving SHAP results for Fold 3 ---
SHAP values saved to: /home/cseomoon/appl/af_analysis-0.1.4/model/regression/results/rg_rosetta_20250522_005238/en/fold_3/shap_values_fold_3.npy
X_explain saved to (CSV): /home/cseomoon/appl/af_analysis-0.1.4/model/regression/results/rg_rosetta_20250522_005238/en/fold_3/X_explain_fold_3.csv
SHAP expected value saved to: /home/cseomoon/appl/af_analysis-0.1.4/model/regression/results/rg_rosetta_20250522_005238/en/fold_3/shap_expected_value_fold_3.joblib
SHAP dot plot saved to: /home/cseomoon/appl/af_analysis-0.1.4/model/regression/results/rg_rosetta_20250522_005238/en/fold_3/shap_summary_dot_fold_3.png
SHAP bar plot saved to: /home/cseomoon/appl/af_analysis-0.1.4/model/regression/results/rg_rosetta_20250522_005238/en/fold_3/shap_summary_bar_fold_3.png
--- SHAP saving completed for Fold 3 ---
Fitting 3 folds for each of 50 candidates, totalling 150 fits
Results saved to /home/cseomoon/appl/af_analysis-0.1.4/model/regression/results/rg_rosetta_20250522_005238/en/fold_4/best_params.json
Calculated Metrics: R2=0.5753, RMSE=0.1575, MAE=0.1005
Results saved to /home/cseomoon/appl/af_analysis-0.1.4/model/regression/results/rg_rosetta_20250522_005238/en/fold_4/metrics.json
Predictions saved to /home/cseomoon/appl/af_analysis-0.1.4/model/regression/results/rg_rosetta_20250522_005238/en/fold_4/predictions.csv (shape: (700, 2))
--- Saving SHAP results for Fold 4 ---
SHAP values saved to: /home/cseomoon/appl/af_analysis-0.1.4/model/regression/results/rg_rosetta_20250522_005238/en/fold_4/shap_values_fold_4.npy
X_explain saved to (CSV): /home/cseomoon/appl/af_analysis-0.1.4/model/regression/results/rg_rosetta_20250522_005238/en/fold_4/X_explain_fold_4.csv
SHAP expected value saved to: /home/cseomoon/appl/af_analysis-0.1.4/model/regression/results/rg_rosetta_20250522_005238/en/fold_4/shap_expected_value_fold_4.joblib
SHAP dot plot saved to: /home/cseomoon/appl/af_analysis-0.1.4/model/regression/results/rg_rosetta_20250522_005238/en/fold_4/shap_summary_dot_fold_4.png
SHAP bar plot saved to: /home/cseomoon/appl/af_analysis-0.1.4/model/regression/results/rg_rosetta_20250522_005238/en/fold_4/shap_summary_bar_fold_4.png
--- SHAP saving completed for Fold 4 ---
Fitting 3 folds for each of 50 candidates, totalling 150 fits
Results saved to /home/cseomoon/appl/af_analysis-0.1.4/model/regression/results/rg_rosetta_20250522_005238/en/fold_5/best_params.json
Calculated Metrics: R2=0.7760, RMSE=0.1550, MAE=0.1002
Results saved to /home/cseomoon/appl/af_analysis-0.1.4/model/regression/results/rg_rosetta_20250522_005238/en/fold_5/metrics.json
Predictions saved to /home/cseomoon/appl/af_analysis-0.1.4/model/regression/results/rg_rosetta_20250522_005238/en/fold_5/predictions.csv (shape: (700, 2))
--- Saving SHAP results for Fold 5 ---
SHAP values saved to: /home/cseomoon/appl/af_analysis-0.1.4/model/regression/results/rg_rosetta_20250522_005238/en/fold_5/shap_values_fold_5.npy
X_explain saved to (CSV): /home/cseomoon/appl/af_analysis-0.1.4/model/regression/results/rg_rosetta_20250522_005238/en/fold_5/X_explain_fold_5.csv
SHAP expected value saved to: /home/cseomoon/appl/af_analysis-0.1.4/model/regression/results/rg_rosetta_20250522_005238/en/fold_5/shap_expected_value_fold_5.joblib
SHAP dot plot saved to: /home/cseomoon/appl/af_analysis-0.1.4/model/regression/results/rg_rosetta_20250522_005238/en/fold_5/shap_summary_dot_fold_5.png
SHAP bar plot saved to: /home/cseomoon/appl/af_analysis-0.1.4/model/regression/results/rg_rosetta_20250522_005238/en/fold_5/shap_summary_bar_fold_5.png
--- SHAP saving completed for Fold 5 ---
Results saved to /home/cseomoon/appl/af_analysis-0.1.4/model/regression/results/rg_rosetta_20250522_005238/en/metrics_summary.json

--- Analyzing Global SHAP for Model: en ---
Loading data from fold_1...
Loading data from fold_2...
Loading data from fold_3...
Loading data from fold_4...
Loading data from fold_5...
Loaded SHAP data from 5 folds.
Combined SHAP values shape: (3647, 69)
Combined X_explain shape: (3647, 69)
Combined SHAP data saved to (CSV for X_explain): /home/cseomoon/appl/af_analysis-0.1.4/model/regression/results/rg_rosetta_20250522_005238/en/combined_shap
Global SHAP feature importance saved to: /home/cseomoon/appl/af_analysis-0.1.4/model/regression/results/rg_rosetta_20250522_005238/en/combined_shap/global_shap_feature_importance.csv

Top 10 Features by Global Mean Absolute SHAP:
               feature  mean_abs_shap
0      avg_model_plddt       2.025938
1        chain_plddt_A       0.148291
2  avg_interface_plddt       0.137015
3   interface_plddt_AH       0.050005
4    scaled_query_RMSD       0.049977
5   interface_plddt_HL       0.030511
6   chain_pair_iptm_AL       0.030443
7               iptm_L       0.025908
8               iptm_A       0.025058
9   chain_pair_iptm_AH       0.018844
Combined SHAP dot plot saved to: /home/cseomoon/appl/af_analysis-0.1.4/model/regression/results/rg_rosetta_20250522_005238/en/combined_shap/combined_shap_summary_dot.png
Combined SHAP bar plot saved to: /home/cseomoon/appl/af_analysis-0.1.4/model/regression/results/rg_rosetta_20250522_005238/en/combined_shap/combined_shap_summary_bar.png
--- Global SHAP analysis completed for: en ---
 
[INFO] Job completed at: Thu May 22 02:19:19 KST 2025
