=============================================
[INFO] Job Information
---------------------------------------------
[INFO] Job Name       : rg_with_rosetta
[INFO] Job ID         : 200454
[INFO] Submit Dir     : /home/cseomoon/appl/af_analysis-0.1.4/model/regression/scripts
[INFO] Partition      : rome_short
[INFO] Node List      : cpu6
[INFO] Nodes          : 1
[INFO] CPUs per Task  : 48
[INFO] Memory (MB)    : 
[INFO] User           : cseomoon
[INFO] Work Dir       : /home/cseomoon/appl/af_analysis-0.1.4/model/regression/scripts
[INFO] Tasks per Node : 1
[INFO] Dependency     : 
[INFO] GPU(s)         : 
=============================================

[INFO] Job started at : Thu May 22 00:48:23 KST 2025
[INFO] Job allocated on node(s): cpu6
[INFO] Job running on: cpu6
[INFO] Saving results to /home/cseomoon/appl/af_analysis-0.1.4/model/regression/results/rg_rosetta_20250522_004823
작업 완료
[INFO] Job completed at: Thu May 22 00:48:49 KST 2025
