=============================================
[INFO] Job Information
---------------------------------------------
[INFO] Job Name       : rg_pipeline
[INFO] Job ID         : 205593
[INFO] Submit Dir     : /home/cseomoon/appl/af_analysis-0.1.4/model/regression/scripts
[INFO] Partition      : rome_short
[INFO] Node List      : cpu5
[INFO] Nodes          : 1
[INFO] CPUs per Task  : 48
[INFO] Memory (MB)    : 
[INFO] User           : cseomoon
[INFO] Work Dir       : /home/cseomoon/appl/af_analysis-0.1.4/model/regression/scripts
[INFO] Tasks per Node : 1
[INFO] Dependency     : 
[INFO] GPU(s)         : 
=============================================

[INFO] Job started at : Tue May 27 13:29:02 KST 2025
[INFO] Job allocated on node(s): cpu5
[INFO] Job running on: cpu5
[INFO] Saving results to /home/cseomoon/appl/af_analysis-0.1.4/model/regression/results/rg_pipeline_20250527_132902
Initialized Random Forest (rf) with params: {'bootstrap': True, 'ccp_alpha': 0.0, 'criterion': 'squared_error', 'max_depth': None, 'max_features': 1.0, 'max_leaf_nodes': None, 'max_samples': None, 'min_impurity_decrease': 0.0, 'min_samples_leaf': 1, 'min_samples_split': 2, 'min_weight_fraction_leaf': 0.0, 'monotonic_cst': None, 'n_estimators': 100, 'n_jobs': -1, 'oob_score': False, 'random_state': 42, 'verbose': 0, 'warm_start': False}
Initialized LightGBM (lgbm) with params: {'boosting_type': 'gbdt', 'class_weight': None, 'colsample_bytree': 0.8, 'importance_type': 'split', 'learning_rate': 0.1, 'max_depth': -1, 'min_child_samples': 20, 'min_child_weight': 0.001, 'min_split_gain': 0.0, 'n_estimators': 100, 'n_jobs': -1, 'num_leaves': 31, 'objective': 'regression_l1', 'random_state': 42, 'reg_alpha': 0.0, 'reg_lambda': 0.0, 'subsample': 0.8, 'subsample_for_bin': 200000, 'subsample_freq': 0, 'metric': 'mae', 'verbose': -1}
Initialized XGBoost (xgb) with params: {'objective': 'reg:squarederror', 'base_score': None, 'booster': None, 'callbacks': None, 'colsample_bylevel': None, 'colsample_bynode': None, 'colsample_bytree': 0.8, 'device': None, 'early_stopping_rounds': None, 'enable_categorical': False, 'eval_metric': 'rmse', 'feature_types': None, 'feature_weights': None, 'gamma': 0, 'grow_policy': None, 'importance_type': None, 'interaction_constraints': None, 'learning_rate': 0.1, 'max_bin': None, 'max_cat_threshold': None, 'max_cat_to_onehot': None, 'max_delta_step': None, 'max_depth': 3, 'max_leaves': None, 'min_child_weight': None, 'missing': nan, 'monotone_constraints': None, 'multi_strategy': None, 'n_estimators': 100, 'n_jobs': -1, 'num_parallel_tree': None, 'random_state': 42, 'reg_alpha': 0, 'reg_lambda': 1, 'sampling_method': None, 'scale_pos_weight': None, 'subsample': 0.8, 'tree_method': 'hist', 'validate_parameters': None, 'verbosity': None}
Results saved to comprehensive_regression_results_20250527_132911/run_arguments.json
Original data shape: (3650, 90)
Using 'DockQ' as the continuous target variable.
Identified 71 potential feature columns.
Checking for NaN values in potential feature columns...
Dropped 3 rows containing NaN values in one or more feature columns.
Generated 10 stratification bins from target for regression.
Processed Features (X) shape after NaN drop: (3647, 71)
Processed Target (y) shape after NaN drop: (3647,)
Processed Query IDs shape after NaN drop: (3647,)
Original data shape: (1650, 90)
Using 'DockQ' as the continuous target variable.
Identified 71 potential feature columns.
Checking for NaN values in potential feature columns...
Dropped 2 rows containing NaN values in one or more feature columns.
Generated 10 stratification bins from target for regression.
Processed Features (X) shape after NaN drop: (1648, 71)
Processed Target (y) shape after NaN drop: (1648,)
Processed Query IDs shape after NaN drop: (1648,)
Initialized Random Forest (rf) with params: {'bootstrap': True, 'ccp_alpha': 0.0, 'criterion': 'squared_error', 'max_depth': None, 'max_features': 1.0, 'max_leaf_nodes': None, 'max_samples': None, 'min_impurity_decrease': 0.0, 'min_samples_leaf': 1, 'min_samples_split': 2, 'min_weight_fraction_leaf': 0.0, 'monotonic_cst': None, 'n_estimators': 100, 'n_jobs': -1, 'oob_score': False, 'random_state': 42, 'verbose': 0, 'warm_start': False}
Initialized LightGBM (lgbm) with params: {'boosting_type': 'gbdt', 'class_weight': None, 'colsample_bytree': 0.8, 'importance_type': 'split', 'learning_rate': 0.1, 'max_depth': -1, 'min_child_samples': 20, 'min_child_weight': 0.001, 'min_split_gain': 0.0, 'n_estimators': 100, 'n_jobs': -1, 'num_leaves': 31, 'objective': 'regression_l1', 'random_state': 42, 'reg_alpha': 0.0, 'reg_lambda': 0.0, 'subsample': 0.8, 'subsample_for_bin': 200000, 'subsample_freq': 0, 'metric': 'mae', 'verbose': -1}
Initialized XGBoost (xgb) with params: {'objective': 'reg:squarederror', 'base_score': None, 'booster': None, 'callbacks': None, 'colsample_bylevel': None, 'colsample_bynode': None, 'colsample_bytree': 0.8, 'device': None, 'early_stopping_rounds': None, 'enable_categorical': False, 'eval_metric': 'rmse', 'feature_types': None, 'feature_weights': None, 'gamma': 0, 'grow_policy': None, 'importance_type': None, 'interaction_constraints': None, 'learning_rate': 0.1, 'max_bin': None, 'max_cat_threshold': None, 'max_cat_to_onehot': None, 'max_delta_step': None, 'max_depth': 3, 'max_leaves': None, 'min_child_weight': None, 'missing': nan, 'monotone_constraints': None, 'multi_strategy': None, 'n_estimators': 100, 'n_jobs': -1, 'num_parallel_tree': None, 'random_state': 42, 'reg_alpha': 0, 'reg_lambda': 1, 'sampling_method': None, 'scale_pos_weight': None, 'subsample': 0.8, 'tree_method': 'hist', 'validate_parameters': None, 'verbosity': None}
Fitting 3 folds for each of 50 candidates, totalling 150 fits
